<?xml version="1.0" encoding="UTF-8"?>
<!-- Generated by org.testng.reporters.JUnitReportReporter -->
<testsuite hostname="TYSS-MF-029" name="com.liqvid.installation.LiqvidInstallation" tests="1" failures="0" timestamp="3 Aug 2017 09:57:42 GMT" time="33.443" errors="0">
  <testcase name="testInternetConnectivity" time="33.443" classname="com.liqvid.installation.LiqvidInstallation"/>
</testsuite> <!-- com.liqvid.installation.LiqvidInstallation -->
