<?xml version="1.0" encoding="UTF-8"?>
<!-- Generated by org.testng.reporters.JUnitReportReporter -->
<testsuite hostname="TYSS-MF-030" name="com.liqvid.scripts.sample" tests="1" failures="0" timestamp="25 May 2017 09:51:37 GMT" time="97.420" errors="0">
  <testcase name="sample" time="97.420" classname="com.liqvid.scripts.sample"/>
</testsuite> <!-- com.liqvid.scripts.sample -->
