<?xml version="1.0" encoding="UTF-8"?>
<!-- Generated by org.testng.reporters.JUnitReportReporter -->
<testsuite hostname="TYSS-MF-029" name="com.liqvid.scripts.AdminPagelevelTest" tests="3" failures="0" timestamp="3 Aug 2017 13:17:54 GMT" time="124.426" errors="0">
  <testcase name="testVerifyElementsBatchReportPage" time="69.158" classname="com.liqvid.scripts.AdminPagelevelTest"/>
  <testcase name="testVerifyStudentregistration" time="26.687" classname="com.liqvid.scripts.AdminPagelevelTest"/>
  <testcase name="testVerifyTeachersregistration" time="28.581" classname="com.liqvid.scripts.AdminPagelevelTest"/>
</testsuite> <!-- com.liqvid.scripts.AdminPagelevelTest -->
