<?xml version="1.0" encoding="UTF-8"?>
<!-- Generated by org.testng.reporters.JUnitReportReporter -->
<testsuite hostname="TYSS-MF-034" name="com.liqvid.scripts.sampletest" tests="1" failures="0" timestamp="6 Jul 2017 10:31:29 GMT" time="5.018" errors="0">
  <testcase name="main" time="5.018" classname="com.liqvid.scripts.sampletest"/>
</testsuite> <!-- com.liqvid.scripts.sampletest -->
